2020-12-13 19:45:17.886  INFO 16544 --- [restartedMain] com.example.server.ServerApplication     : Starting ServerApplication using Java 1.8.0_241 on DESKTOP-KJLL0FV with PID 16544 (C:\Users\Struct\Documents\GitHub\simpleSpringBootCalls\server\target\classes started by Struct in C:\Users\Struct\Documents\GitHub\simpleSpringBootCalls\server)
2020-12-13 19:45:17.887  INFO 16544 --- [restartedMain] com.example.server.ServerApplication     : No active profile set, falling back to default profiles: default
2020-12-13 19:45:18.036  INFO 16544 --- [restartedMain] o.s.b.w.embedded.tomcat.TomcatWebServer  : Tomcat initialized with port(s): 8090 (http)
2020-12-13 19:45:18.037  INFO 16544 --- [restartedMain] o.apache.catalina.core.StandardService   : Starting service [Tomcat]
2020-12-13 19:45:18.038  INFO 16544 --- [restartedMain] org.apache.catalina.core.StandardEngine  : Starting Servlet engine: [Apache Tomcat/9.0.39]
2020-12-13 19:45:18.045  INFO 16544 --- [restartedMain] o.a.c.c.C.[Tomcat].[localhost].[/]       : Initializing Spring embedded WebApplicationContext
2020-12-13 19:45:18.045  INFO 16544 --- [restartedMain] w.s.c.ServletWebServerApplicationContext : Root WebApplicationContext: initialization completed in 157 ms
2020-12-13 19:45:18.083  INFO 16544 --- [restartedMain] o.s.s.concurrent.ThreadPoolTaskExecutor  : Initializing ExecutorService 'applicationTaskExecutor'
2020-12-13 19:45:18.108  INFO 16544 --- [restartedMain] o.s.b.d.a.OptionalLiveReloadServer       : LiveReload server is running on port 35729
2020-12-13 19:45:18.116  INFO 16544 --- [restartedMain] o.s.b.w.embedded.tomcat.TomcatWebServer  : Tomcat started on port(s): 8090 (http) with context path ''
2020-12-13 19:45:18.118  INFO 16544 --- [restartedMain] com.example.server.ServerApplication     : Started ServerApplication in 0.261 seconds (JVM running for 249.643)
2020-12-13 19:45:18.119  INFO 16544 --- [restartedMain] .ConditionEvaluationDeltaLoggingListener : Condition evaluation unchanged
2020-12-13 19:45:22.084  INFO 16544 --- [http-nio-8090-exec-2] o.a.c.c.C.[Tomcat].[localhost].[/]       : Initializing Spring DispatcherServlet 'dispatcherServlet'
2020-12-13 19:45:22.085  INFO 16544 --- [http-nio-8090-exec-2] o.s.web.servlet.DispatcherServlet        : Initializing Servlet 'dispatcherServlet'
2020-12-13 19:45:22.086  INFO 16544 --- [http-nio-8090-exec-2] o.s.web.servlet.DispatcherServlet        : Completed initialization in 1 ms
2020-12-13 19:45:22.087  INFO 16544 --- [http-nio-8090-exec-2] com.example.server.HomeController        : ==============12345
2020-12-13 19:45:22.087  INFO 16544 --- [http-nio-8090-exec-2] com.zaxxer.hikari.HikariDataSource       : HikariPool-3 - Starting...
2020-12-13 19:45:22.090  INFO 16544 --- [http-nio-8090-exec-2] com.zaxxer.hikari.HikariDataSource       : HikariPool-3 - Start completed.
2020-12-13 19:45:43.109  INFO 16544 --- [http-nio-8090-exec-3] com.example.server.HomeController        : ==============12345
2020-12-13 19:46:06.608  INFO 16544 --- [Thread-21] o.s.s.concurrent.ThreadPoolTaskExecutor  : Shutting down ExecutorService 'applicationTaskExecutor'
2020-12-13 19:46:06.609  INFO 16544 --- [Thread-21] com.zaxxer.hikari.HikariDataSource       : HikariPool-3 - Shutdown initiated...
2020-12-13 19:46:06.617  INFO 16544 --- [Thread-21] com.zaxxer.hikari.HikariDataSource       : HikariPool-3 - Shutdown completed.
